#
# There is insufficient memory for the Java Runtime Environment to continue.
# Native memory allocation (malloc) failed to allocate 969424 bytes for Chunk::new
# Possible reasons:
#   The system is out of physical RAM or swap space
#   The process is running with CompressedOops enabled, and the Java Heap may be blocking the growth of the native heap
# Possible solutions:
#   Reduce memory load on the system
#   Increase physical memory or swap space
#   Check if swap backing store is full
#   Decrease Java heap size (-Xmx/-Xms)
#   Decrease number of Java threads
#   Decrease Java thread stack sizes (-Xss)
#   Set larger code cache with -XX:ReservedCodeCacheSize=
#   JVM is running with Unscaled Compressed Oops mode in which the Java heap is
#     placed in the first 4GB address space. The Java Heap base address is the
#     maximum limit for the native heap growth. Please use -XX:HeapBaseMinAddress
#     to set the Java Heap base and to place the Java Heap above 4GB virtual address.
# This output file may be truncated or incomplete.
#
#  Out of Memory Error (arena.cpp:189), pid=11844, tid=14712
#
# JRE version: Java(TM) SE Runtime Environment (17.0.1+12) (build 17.0.1+12-LTS-39)
# Java VM: Java HotSpot(TM) 64-Bit Server VM (17.0.1+12-LTS-39, mixed mode, sharing, tiered, compressed oops, compressed class ptrs, g1 gc, windows-amd64)
# No core dump will be written. Minidumps are not enabled by default on client versions of Windows
#

---------------  S U M M A R Y ------------

Command Line: -Dfile.encoding=windows-1252 -Duser.country=US -Duser.language=en -Duser.variant com.careerdevs.sushicafe.SushicafeApplication

Host: Intel(R) Celeron(R) N4020 CPU @ 1.10GHz, 2 cores, 3G,  Windows 10 , 64 bit Build 19041 (10.0.19041.1503)
Time: Wed Aug  3 11:52:49 2022 Eastern Daylight Time elapsed time: 2144.780553 seconds (0d 0h 35m 44s)

---------------  T H R E A D  ---------------

Current thread (0x00000203ccabc2c0):  JavaThread "C2 CompilerThread0" daemon [_thread_in_native, id=14712, stack(0x000000bab6c00000,0x000000bab6d00000)]


Current CompileTask:
C2:2144781 8837   !   4       org.springframework.http.server.ServletServerHttpRequest::getHeaders (283 bytes)

Stack: [0x000000bab6c00000,0x000000bab6d00000]
Native frames: (J=compiled Java code, j=interpreted, Vv=VM code, C=native code)
V  [jvm.dll+0x66fa1a]
V  [jvm.dll+0x7ce5a4]
V  [jvm.dll+0x7cfd4e]
V  [jvm.dll+0x7d03b3]
V  [jvm.dll+0x242b05]
V  [jvm.dll+0xaa05b]
V  [jvm.dll+0xaa5ec]
V  [jvm.dll+0x35fa07]
V  [jvm.dll+0x329f51]
V  [jvm.dll+0x3293fa]
V  [jvm.dll+0x215bf1]
V  [jvm.dll+0x215011]
V  [jvm.dll+0x1a168d]
V  [jvm.dll+0x224848]
V  [jvm.dll+0x2229ac]
V  [jvm.dll+0x78435b]
V  [jvm.dll+0x77e91a]
V  [jvm.dll+0x66e845]
C  [ucrtbase.dll+0x21bb2]
C  [KERNEL32.DLL+0x17034]
C  [ntdll.dll+0x52651]


---------------  P R O C E S S  ---------------

Threads class SMR info:
_java_thread_list=0x00000203cf9b0080, length=29, elements={
0x00000203ccaa05d0, 0x00000203ccaa2950, 0x00000203ccab6700, 0x00000203ccaba1d0,
0x00000203ccabab80, 0x00000203ccabb530, 0x00000203ccabc2c0, 0x00000203ccb22070,
0x00000203ccb32bb0, 0x00000203cd551930, 0x00000203cd559a90, 0x00000203d030f7c0,
0x00000203cdc33610, 0x00000203d09b5c60, 0x00000203d03ab740, 0x00000203d0915720,
0x00000203d0af9250, 0x00000203d0af9bf0, 0x00000203d0af7a40, 0x00000203d0af7f10,
0x00000203d0af9720, 0x00000203d0af83e0, 0x00000203d0af88b0, 0x00000203d0afa0c0,
0x00000203d0afaa60, 0x00000203d0af70a0, 0x00000203d0af7570, 0x00000203d2c287d0,
0x00000203d2c2ae50
}

Java Threads: ( => current thread )
  0x00000203ccaa05d0 JavaThread "Reference Handler" daemon [_thread_blocked, id=16104, stack(0x000000bab6600000,0x000000bab6700000)]
  0x00000203ccaa2950 JavaThread "Finalizer" daemon [_thread_blocked, id=17268, stack(0x000000bab6700000,0x000000bab6800000)]
  0x00000203ccab6700 JavaThread "Signal Dispatcher" daemon [_thread_blocked, id=13116, stack(0x000000bab6800000,0x000000bab6900000)]
  0x00000203ccaba1d0 JavaThread "Attach Listener" daemon [_thread_blocked, id=12360, stack(0x000000bab6900000,0x000000bab6a00000)]
  0x00000203ccabab80 JavaThread "Service Thread" daemon [_thread_blocked, id=3364, stack(0x000000bab6a00000,0x000000bab6b00000)]
  0x00000203ccabb530 JavaThread "Monitor Deflation Thread" daemon [_thread_blocked, id=16264, stack(0x000000bab6b00000,0x000000bab6c00000)]
=>0x00000203ccabc2c0 JavaThread "C2 CompilerThread0" daemon [_thread_in_native, id=14712, stack(0x000000bab6c00000,0x000000bab6d00000)]
  0x00000203ccb22070 JavaThread "C1 CompilerThread0" daemon [_thread_blocked, id=16816, stack(0x000000bab6d00000,0x000000bab6e00000)]
  0x00000203ccb32bb0 JavaThread "Sweeper thread" daemon [_thread_blocked, id=10988, stack(0x000000bab6e00000,0x000000bab6f00000)]
  0x00000203cd551930 JavaThread "Notification Thread" daemon [_thread_blocked, id=4316, stack(0x000000bab6f00000,0x000000bab7000000)]
  0x00000203cd559a90 JavaThread "Common-Cleaner" daemon [_thread_blocked, id=11988, stack(0x000000bab7100000,0x000000bab7200000)]
  0x00000203d030f7c0 JavaThread "Catalina-utility-1" [_thread_blocked, id=7452, stack(0x000000bab7300000,0x000000bab7400000)]
  0x00000203cdc33610 JavaThread "Catalina-utility-2" [_thread_blocked, id=6300, stack(0x000000bab7400000,0x000000bab7500000)]
  0x00000203d09b5c60 JavaThread "container-0" [_thread_blocked, id=15832, stack(0x000000bab7500000,0x000000bab7600000)]
  0x00000203d03ab740 JavaThread "mysql-cj-abandoned-connection-cleanup" daemon [_thread_blocked, id=6512, stack(0x000000bab7600000,0x000000bab7700000)]
  0x00000203d0915720 JavaThread "HikariPool-1 housekeeper" daemon [_thread_blocked, id=14776, stack(0x000000bab7800000,0x000000bab7900000)]
  0x00000203d0af9250 JavaThread "http-nio-8080-exec-1" daemon [_thread_blocked, id=9844, stack(0x000000bab7a00000,0x000000bab7b00000)]
  0x00000203d0af9bf0 JavaThread "http-nio-8080-exec-2" daemon [_thread_blocked, id=752, stack(0x000000bab7b00000,0x000000bab7c00000)]
  0x00000203d0af7a40 JavaThread "http-nio-8080-exec-3" daemon [_thread_blocked, id=10268, stack(0x000000bab7c00000,0x000000bab7d00000)]
  0x00000203d0af7f10 JavaThread "http-nio-8080-exec-4" daemon [_thread_blocked, id=16700, stack(0x000000bab7d00000,0x000000bab7e00000)]
  0x00000203d0af9720 JavaThread "http-nio-8080-exec-5" daemon [_thread_blocked, id=13368, stack(0x000000bab7e00000,0x000000bab7f00000)]
  0x00000203d0af83e0 JavaThread "http-nio-8080-exec-6" daemon [_thread_blocked, id=12772, stack(0x000000bab7f00000,0x000000bab8000000)]
  0x00000203d0af88b0 JavaThread "http-nio-8080-exec-7" daemon [_thread_blocked, id=2948, stack(0x000000bab8000000,0x000000bab8100000)]
  0x00000203d0afa0c0 JavaThread "http-nio-8080-exec-8" daemon [_thread_blocked, id=2616, stack(0x000000bab8100000,0x000000bab8200000)]
  0x00000203d0afaa60 JavaThread "http-nio-8080-exec-9" daemon [_thread_blocked, id=5912, stack(0x000000bab8200000,0x000000bab8300000)]
  0x00000203d0af70a0 JavaThread "http-nio-8080-exec-10" daemon [_thread_blocked, id=13708, stack(0x000000bab8300000,0x000000bab8400000)]
  0x00000203d0af7570 JavaThread "http-nio-8080-Poller" daemon [_thread_in_native, id=14280, stack(0x000000bab8400000,0x000000bab8500000)]
  0x00000203d2c287d0 JavaThread "http-nio-8080-Acceptor" daemon [_thread_in_native, id=14440, stack(0x000000bab8500000,0x000000bab8600000)]
  0x00000203d2c2ae50 JavaThread "DestroyJavaVM" [_thread_blocked, id=8696, stack(0x000000bab5f00000,0x000000bab6000000)]

Other Threads:
  0x00000203cca96100 VMThread "VM Thread" [stack: 0x000000bab6500000,0x000000bab6600000] [id=7244]
  0x00000203cd553e10 WatcherThread [stack: 0x000000bab7000000,0x000000bab7100000] [id=16636]
  0x00000203b1f27e80 GCTaskThread "GC Thread#0" [stack: 0x000000bab6000000,0x000000bab6100000] [id=15036]
  0x00000203cd735330 GCTaskThread "GC Thread#1" [stack: 0x000000bab7200000,0x000000bab7300000] [id=4844]
  0x00000203b1f31c50 ConcurrentGCThread "G1 Main Marker" [stack: 0x000000bab6100000,0x000000bab6200000] [id=15668]
  0x00000203b1f32f40 ConcurrentGCThread "G1 Conc#0" [stack: 0x000000bab6200000,0x000000bab6300000] [id=12560]
  0x00000203b1f67870 ConcurrentGCThread "G1 Refine#0" [stack: 0x000000bab6300000,0x000000bab6400000] [id=10160]
  0x00000203b1f68b70 ConcurrentGCThread "G1 Service" [stack: 0x000000bab6400000,0x000000bab6500000] [id=10656]

Threads with active compile tasks:
C2 CompilerThread0  2144896 8837   !   4       org.springframework.http.server.ServletServerHttpRequest::getHeaders (283 bytes)

VM state: not at safepoint (normal execution)

VM Mutex/Monitor currently owned by a thread: None

Heap address: 0x00000000c2c00000, size: 980 MB, Compressed Oops mode: 32-bit

CDS archive(s) mapped at: [0x0000000800000000-0x0000000800bc0000-0x0000000800bc0000), size 12320768, SharedBaseAddress: 0x0000000800000000, ArchiveRelocationMode: 0.
Compressed class space mapped at: 0x0000000800c00000-0x0000000840c00000, reserved size: 1073741824
Narrow klass base: 0x0000000800000000, Narrow klass shift: 0, Narrow klass range: 0x100000000

GC Precious Log:
 CPUs: 2 total, 2 available
 Memory: 3912M
 Large Page Support: Disabled
 NUMA Support: Disabled
 Compressed Oops: Enabled (32-bit)
 Heap Region Size: 1M
 Heap Min Capacity: 8M
 Heap Initial Capacity: 62M
 Heap Max Capacity: 980M
 Pre-touch: Disabled
 Parallel Workers: 2
 Concurrent Workers: 1
 Concurrent Refinement Workers: 2
 Periodic GC: Disabled

Heap:
 garbage-first heap   total 123904K, used 40039K [0x00000000c2c00000, 0x0000000100000000)
  region size 1024K, 16 young (16384K), 1 survivors (1024K)
 Metaspace       used 62299K, committed 62656K, reserved 1105920K
  class space    used 8001K, committed 8192K, reserved 1048576K

Heap Regions: E=young(eden), S=young(survivor), O=old, HS=humongous(starts), HC=humongous(continues), CS=collection set, F=free, OA=open archive, CA=closed archive, TAMS=top-at-mark-start (previous, next)
|   0|0x00000000c2c00000, 0x00000000c2d00000, 0x00000000c2d00000|100%|HS|  |TAMS 0x00000000c2d00000, 0x00000000c2c00000| Complete 
|   1|0x00000000c2d00000, 0x00000000c2e00000, 0x00000000c2e00000|100%| O|  |TAMS 0x00000000c2e00000, 0x00000000c2d00000| Untracked 
|   2|0x00000000c2e00000, 0x00000000c2f00000, 0x00000000c2f00000|100%| O|  |TAMS 0x00000000c2f00000, 0x00000000c2e00000| Untracked 
|   3|0x00000000c2f00000, 0x00000000c3000000, 0x00000000c3000000|100%| O|  |TAMS 0x00000000c3000000, 0x00000000c2f00000| Untracked 
|   4|0x00000000c3000000, 0x00000000c3100000, 0x00000000c3100000|100%| O|  |TAMS 0x00000000c3100000, 0x00000000c3000000| Untracked 
|   5|0x00000000c3100000, 0x00000000c3200000, 0x00000000c3200000|100%| O|  |TAMS 0x00000000c3200000, 0x00000000c3100000| Untracked 
|   6|0x00000000c3200000, 0x00000000c3300000, 0x00000000c3300000|100%| O|  |TAMS 0x00000000c3300000, 0x00000000c3200000| Untracked 
|   7|0x00000000c3300000, 0x00000000c3400000, 0x00000000c3400000|100%| O|  |TAMS 0x00000000c3400000, 0x00000000c3300000| Untracked 
|   8|0x00000000c3400000, 0x00000000c3500000, 0x00000000c3500000|100%| O|  |TAMS 0x00000000c3500000, 0x00000000c3400000| Untracked 
|   9|0x00000000c3500000, 0x00000000c3600000, 0x00000000c3600000|100%| O|  |TAMS 0x00000000c3600000, 0x00000000c3500000| Untracked 
|  10|0x00000000c3600000, 0x00000000c3700000, 0x00000000c3700000|100%| O|  |TAMS 0x00000000c3700000, 0x00000000c3600000| Untracked 
|  11|0x00000000c3700000, 0x00000000c3800000, 0x00000000c3800000|100%| O|  |TAMS 0x00000000c3800000, 0x00000000c3700000| Untracked 
|  12|0x00000000c3800000, 0x00000000c3900000, 0x00000000c3900000|100%| O|  |TAMS 0x00000000c3900000, 0x00000000c3800000| Untracked 
|  13|0x00000000c3900000, 0x00000000c3a00000, 0x00000000c3a00000|100%| O|  |TAMS 0x00000000c3a00000, 0x00000000c3900000| Untracked 
|  14|0x00000000c3a00000, 0x00000000c3b00000, 0x00000000c3b00000|100%| O|  |TAMS 0x00000000c3b00000, 0x00000000c3a00000| Untracked 
|  15|0x00000000c3b00000, 0x00000000c3c00000, 0x00000000c3c00000|100%| O|  |TAMS 0x00000000c3c00000, 0x00000000c3b00000| Untracked 
|  16|0x00000000c3c00000, 0x00000000c3d00000, 0x00000000c3d00000|100%| O|  |TAMS 0x00000000c3d00000, 0x00000000c3c00000| Untracked 
|  17|0x00000000c3d00000, 0x00000000c3e00000, 0x00000000c3e00000|100%| O|  |TAMS 0x00000000c3e00000, 0x00000000c3d00000| Untracked 
|  18|0x00000000c3e00000, 0x00000000c3f00000, 0x00000000c3f00000|100%| O|  |TAMS 0x00000000c3f00000, 0x00000000c3e00000| Untracked 
|  19|0x00000000c3f00000, 0x00000000c3f00000, 0x00000000c4000000|  0%| F|  |TAMS 0x00000000c3f00000, 0x00000000c3f00000| Untracked 
|  20|0x00000000c4000000, 0x00000000c4100000, 0x00000000c4100000|100%| O|  |TAMS 0x00000000c4020600, 0x00000000c4000000| Untracked 
|  21|0x00000000c4100000, 0x00000000c4200000, 0x00000000c4200000|100%| O|  |TAMS 0x00000000c4100000, 0x00000000c4100000| Untracked 
|  22|0x00000000c4200000, 0x00000000c4300000, 0x00000000c4300000|100%| O|  |TAMS 0x00000000c4200000, 0x00000000c4200000| Untracked 
|  23|0x00000000c4300000, 0x00000000c4400000, 0x00000000c4400000|100%| O|  |TAMS 0x00000000c4300000, 0x00000000c4300000| Untracked 
|  24|0x00000000c4400000, 0x00000000c4500000, 0x00000000c4500000|100%| O|  |TAMS 0x00000000c4400000, 0x00000000c4400000| Untracked 
|  25|0x00000000c4500000, 0x00000000c4600000, 0x00000000c4600000|100%| O|  |TAMS 0x00000000c4500000, 0x00000000c4500000| Untracked 
|  26|0x00000000c4600000, 0x00000000c4600000, 0x00000000c4700000|  0%| F|  |TAMS 0x00000000c4600000, 0x00000000c4600000| Untracked 
|  27|0x00000000c4700000, 0x00000000c4700000, 0x00000000c4800000|  0%| F|  |TAMS 0x00000000c4700000, 0x00000000c4700000| Untracked 
|  28|0x00000000c4800000, 0x00000000c4800000, 0x00000000c4900000|  0%| F|  |TAMS 0x00000000c4800000, 0x00000000c4800000| Untracked 
|  29|0x00000000c4900000, 0x00000000c4900000, 0x00000000c4a00000|  0%| F|  |TAMS 0x00000000c4900000, 0x00000000c4900000| Untracked 
|  30|0x00000000c4a00000, 0x00000000c4a00000, 0x00000000c4b00000|  0%| F|  |TAMS 0x00000000c4a00000, 0x00000000c4a00000| Untracked 
|  31|0x00000000c4b00000, 0x00000000c4b00000, 0x00000000c4c00000|  0%| F|  |TAMS 0x00000000c4b00000, 0x00000000c4b00000| Untracked 
|  32|0x00000000c4c00000, 0x00000000c4c00000, 0x00000000c4d00000|  0%| F|  |TAMS 0x00000000c4c00000, 0x00000000c4c00000| Untracked 
|  33|0x00000000c4d00000, 0x00000000c4d00000, 0x00000000c4e00000|  0%| F|  |TAMS 0x00000000c4d00000, 0x00000000c4d00000| Untracked 
|  34|0x00000000c4e00000, 0x00000000c4e00000, 0x00000000c4f00000|  0%| F|  |TAMS 0x00000000c4e00000, 0x00000000c4e00000| Untracked 
|  35|0x00000000c4f00000, 0x00000000c4f00000, 0x00000000c5000000|  0%| F|  |TAMS 0x00000000c4f00000, 0x00000000c4f00000| Untracked 
|  36|0x00000000c5000000, 0x00000000c5019d70, 0x00000000c5100000| 10%| S|CS|TAMS 0x00000000c5000000, 0x00000000c5000000| Complete 
|  37|0x00000000c5100000, 0x00000000c5100000, 0x00000000c5200000|  0%| F|  |TAMS 0x00000000c5100000, 0x00000000c5100000| Untracked 
|  38|0x00000000c5200000, 0x00000000c5200000, 0x00000000c5300000|  0%| F|  |TAMS 0x00000000c5200000, 0x00000000c5200000| Untracked 
|  39|0x00000000c5300000, 0x00000000c5300000, 0x00000000c5400000|  0%| F|  |TAMS 0x00000000c5300000, 0x00000000c5300000| Untracked 
|  40|0x00000000c5400000, 0x00000000c5400000, 0x00000000c5500000|  0%| F|  |TAMS 0x00000000c5400000, 0x00000000c5400000| Untracked 
|  41|0x00000000c5500000, 0x00000000c5500000, 0x00000000c5600000|  0%| F|  |TAMS 0x00000000c5500000, 0x00000000c5500000| Untracked 
|  42|0x00000000c5600000, 0x00000000c5600000, 0x00000000c5700000|  0%| F|  |TAMS 0x00000000c5600000, 0x00000000c5600000| Untracked 
|  43|0x00000000c5700000, 0x00000000c5700000, 0x00000000c5800000|  0%| F|  |TAMS 0x00000000c5700000, 0x00000000c5700000| Untracked 
|  44|0x00000000c5800000, 0x00000000c5800000, 0x00000000c5900000|  0%| F|  |TAMS 0x00000000c5800000, 0x00000000c5800000| Untracked 
|  45|0x00000000c5900000, 0x00000000c5900000, 0x00000000c5a00000|  0%| F|  |TAMS 0x00000000c5900000, 0x00000000c5900000| Untracked 
|  46|0x00000000c5a00000, 0x00000000c5a00000, 0x00000000c5b00000|  0%| F|  |TAMS 0x00000000c5a00000, 0x00000000c5a00000| Untracked 
|  47|0x00000000c5b00000, 0x00000000c5b00000, 0x00000000c5c00000|  0%| F|  |TAMS 0x00000000c5b00000, 0x00000000c5b00000| Untracked 
|  48|0x00000000c5c00000, 0x00000000c5c00000, 0x00000000c5d00000|  0%| F|  |TAMS 0x00000000c5c00000, 0x00000000c5c00000| Untracked 
|  49|0x00000000c5d00000, 0x00000000c5d00000, 0x00000000c5e00000|  0%| F|  |TAMS 0x00000000c5d00000, 0x00000000c5d00000| Untracked 
|  50|0x00000000c5e00000, 0x00000000c5e00000, 0x00000000c5f00000|  0%| F|  |TAMS 0x00000000c5e00000, 0x00000000c5e00000| Untracked 
|  51|0x00000000c5f00000, 0x00000000c5f00000, 0x00000000c6000000|  0%| F|  |TAMS 0x00000000c5f00000, 0x00000000c5f00000| Untracked 
|  52|0x00000000c6000000, 0x00000000c6000000, 0x00000000c6100000|  0%| F|  |TAMS 0x00000000c6000000, 0x00000000c6000000| Untracked 
|  53|0x00000000c6100000, 0x00000000c6100000, 0x00000000c6200000|  0%| F|  |TAMS 0x00000000c6100000, 0x00000000c6100000| Untracked 
|  54|0x00000000c6200000, 0x00000000c6200000, 0x00000000c6300000|  0%| F|  |TAMS 0x00000000c6200000, 0x00000000c6200000| Untracked 
|  55|0x00000000c6300000, 0x00000000c6300000, 0x00000000c6400000|  0%| F|  |TAMS 0x00000000c6300000, 0x00000000c6300000| Untracked 
|  56|0x00000000c6400000, 0x00000000c6400000, 0x00000000c6500000|  0%| F|  |TAMS 0x00000000c6400000, 0x00000000c6400000| Untracked 
|  57|0x00000000c6500000, 0x00000000c6500000, 0x00000000c6600000|  0%| F|  |TAMS 0x00000000c6500000, 0x00000000c6500000| Untracked 
|  58|0x00000000c6600000, 0x00000000c6600000, 0x00000000c6700000|  0%| F|  |TAMS 0x00000000c6600000, 0x00000000c6600000| Untracked 
|  59|0x00000000c6700000, 0x00000000c6700000, 0x00000000c6800000|  0%| F|  |TAMS 0x00000000c6700000, 0x00000000c6700000| Untracked 
|  60|0x00000000c6800000, 0x00000000c6800000, 0x00000000c6900000|  0%| F|  |TAMS 0x00000000c6800000, 0x00000000c6800000| Untracked 
|  61|0x00000000c6900000, 0x00000000c6900000, 0x00000000c6a00000|  0%| F|  |TAMS 0x00000000c6900000, 0x00000000c6900000| Untracked 
|  62|0x00000000c6a00000, 0x00000000c6a00000, 0x00000000c6b00000|  0%| F|  |TAMS 0x00000000c6a00000, 0x00000000c6a00000| Untracked 
|  63|0x00000000c6b00000, 0x00000000c6b00000, 0x00000000c6c00000|  0%| F|  |TAMS 0x00000000c6b00000, 0x00000000c6b00000| Untracked 
|  64|0x00000000c6c00000, 0x00000000c6c00000, 0x00000000c6d00000|  0%| F|  |TAMS 0x00000000c6c00000, 0x00000000c6c00000| Untracked 
|  65|0x00000000c6d00000, 0x00000000c6d00000, 0x00000000c6e00000|  0%| F|  |TAMS 0x00000000c6d00000, 0x00000000c6d00000| Untracked 
|  66|0x00000000c6e00000, 0x00000000c6e00000, 0x00000000c6f00000|  0%| F|  |TAMS 0x00000000c6e00000, 0x00000000c6e00000| Untracked 
|  67|0x00000000c6f00000, 0x00000000c6f00000, 0x00000000c7000000|  0%| F|  |TAMS 0x00000000c6f00000, 0x00000000c6f00000| Untracked 
|  68|0x00000000c7000000, 0x00000000c7000000, 0x00000000c7100000|  0%| F|  |TAMS 0x00000000c7000000, 0x00000000c7000000| Untracked 
|  69|0x00000000c7100000, 0x00000000c7100000, 0x00000000c7200000|  0%| F|  |TAMS 0x00000000c7100000, 0x00000000c7100000| Untracked 
|  70|0x00000000c7200000, 0x00000000c7200000, 0x00000000c7300000|  0%| F|  |TAMS 0x00000000c7200000, 0x00000000c7200000| Untracked 
|  71|0x00000000c7300000, 0x00000000c7300000, 0x00000000c7400000|  0%| F|  |TAMS 0x00000000c7300000, 0x00000000c7300000| Untracked 
|  72|0x00000000c7400000, 0x00000000c7400000, 0x00000000c7500000|  0%| F|  |TAMS 0x00000000c7400000, 0x00000000c7400000| Untracked 
|  73|0x00000000c7500000, 0x00000000c7500000, 0x00000000c7600000|  0%| F|  |TAMS 0x00000000c7500000, 0x00000000c7500000| Untracked 
|  74|0x00000000c7600000, 0x00000000c7600000, 0x00000000c7700000|  0%| F|  |TAMS 0x00000000c7600000, 0x00000000c7600000| Untracked 
|  75|0x00000000c7700000, 0x00000000c7700000, 0x00000000c7800000|  0%| F|  |TAMS 0x00000000c7700000, 0x00000000c7700000| Untracked 
|  76|0x00000000c7800000, 0x00000000c7800000, 0x00000000c7900000|  0%| F|  |TAMS 0x00000000c7800000, 0x00000000c7800000| Untracked 
|  77|0x00000000c7900000, 0x00000000c7900000, 0x00000000c7a00000|  0%| F|  |TAMS 0x00000000c7900000, 0x00000000c7900000| Untracked 
|  78|0x00000000c7a00000, 0x00000000c7a00000, 0x00000000c7b00000|  0%| F|  |TAMS 0x00000000c7a00000, 0x00000000c7a00000| Untracked 
|  79|0x00000000c7b00000, 0x00000000c7b00000, 0x00000000c7c00000|  0%| F|  |TAMS 0x00000000c7b00000, 0x00000000c7b00000| Untracked 
|  80|0x00000000c7c00000, 0x00000000c7c00000, 0x00000000c7d00000|  0%| F|  |TAMS 0x00000000c7c00000, 0x00000000c7c00000| Untracked 
|  81|0x00000000c7d00000, 0x00000000c7d00000, 0x00000000c7e00000|  0%| F|  |TAMS 0x00000000c7d00000, 0x00000000c7d00000| Untracked 
|  82|0x00000000c7e00000, 0x00000000c7e00000, 0x00000000c7f00000|  0%| F|  |TAMS 0x00000000c7e00000, 0x00000000c7e00000| Untracked 
|  83|0x00000000c7f00000, 0x00000000c7f00000, 0x00000000c8000000|  0%| F|  |TAMS 0x00000000c7f00000, 0x00000000c7f00000| Untracked 
|  84|0x00000000c8000000, 0x00000000c8000000, 0x00000000c8100000|  0%| F|  |TAMS 0x00000000c8000000, 0x00000000c8000000| Untracked 
|  85|0x00000000c8100000, 0x00000000c8100000, 0x00000000c8200000|  0%| F|  |TAMS 0x00000000c8100000, 0x00000000c8100000| Untracked 
|  86|0x00000000c8200000, 0x00000000c8200000, 0x00000000c8300000|  0%| F|  |TAMS 0x00000000c8200000, 0x00000000c8200000| Untracked 
|  87|0x00000000c8300000, 0x00000000c8300000, 0x00000000c8400000|  0%| F|  |TAMS 0x00000000c8300000, 0x00000000c8300000| Untracked 
|  88|0x00000000c8400000, 0x00000000c8400000, 0x00000000c8500000|  0%| F|  |TAMS 0x00000000c8400000, 0x00000000c8400000| Untracked 
|  89|0x00000000c8500000, 0x00000000c8500000, 0x00000000c8600000|  0%| F|  |TAMS 0x00000000c8500000, 0x00000000c8500000| Untracked 
|  90|0x00000000c8600000, 0x00000000c8600000, 0x00000000c8700000|  0%| F|  |TAMS 0x00000000c8600000, 0x00000000c8600000| Untracked 
|  91|0x00000000c8700000, 0x00000000c8700000, 0x00000000c8800000|  0%| F|  |TAMS 0x00000000c8700000, 0x00000000c8700000| Untracked 
|  92|0x00000000c8800000, 0x00000000c8800000, 0x00000000c8900000|  0%| F|  |TAMS 0x00000000c8800000, 0x00000000c8800000| Untracked 
|  93|0x00000000c8900000, 0x00000000c8900000, 0x00000000c8a00000|  0%| F|  |TAMS 0x00000000c8900000, 0x00000000c8900000| Untracked 
|  94|0x00000000c8a00000, 0x00000000c8a00000, 0x00000000c8b00000|  0%| F|  |TAMS 0x00000000c8a00000, 0x00000000c8a00000| Untracked 
|  95|0x00000000c8b00000, 0x00000000c8b00000, 0x00000000c8c00000|  0%| F|  |TAMS 0x00000000c8b00000, 0x00000000c8b00000| Untracked 
|  96|0x00000000c8c00000, 0x00000000c8c00000, 0x00000000c8d00000|  0%| F|  |TAMS 0x00000000c8c00000, 0x00000000c8c00000| Untracked 
|  97|0x00000000c8d00000, 0x00000000c8d00000, 0x00000000c8e00000|  0%| F|  |TAMS 0x00000000c8d00000, 0x00000000c8d00000| Untracked 
|  98|0x00000000c8e00000, 0x00000000c8e00000, 0x00000000c8f00000|  0%| F|  |TAMS 0x00000000c8e00000, 0x00000000c8e00000| Untracked 
|  99|0x00000000c8f00000, 0x00000000c8f00000, 0x00000000c9000000|  0%| F|  |TAMS 0x00000000c8f00000, 0x00000000c8f00000| Untracked 
| 100|0x00000000c9000000, 0x00000000c9000000, 0x00000000c9100000|  0%| F|  |TAMS 0x00000000c9000000, 0x00000000c9000000| Untracked 
| 101|0x00000000c9100000, 0x00000000c9100000, 0x00000000c9200000|  0%| F|  |TAMS 0x00000000c9100000, 0x00000000c9100000| Untracked 
| 102|0x00000000c9200000, 0x00000000c9200000, 0x00000000c9300000|  0%| F|  |TAMS 0x00000000c9200000, 0x00000000c9200000| Untracked 
| 103|0x00000000c9300000, 0x00000000c9300000, 0x00000000c9400000|  0%| F|  |TAMS 0x00000000c9300000, 0x00000000c9300000| Untracked 
| 104|0x00000000c9400000, 0x00000000c9400000, 0x00000000c9500000|  0%| F|  |TAMS 0x00000000c9400000, 0x00000000c9400000| Untracked 
| 105|0x00000000c9500000, 0x00000000c9500000, 0x00000000c9600000|  0%| F|  |TAMS 0x00000000c9500000, 0x00000000c9500000| Untracked 
| 106|0x00000000c9600000, 0x00000000c96d1b88, 0x00000000c9700000| 81%| E|  |TAMS 0x00000000c9600000, 0x00000000c9600000| Complete 
| 107|0x00000000c9700000, 0x00000000c9800000, 0x00000000c9800000|100%| E|CS|TAMS 0x00000000c9700000, 0x00000000c9700000| Complete 
| 108|0x00000000c9800000, 0x00000000c9900000, 0x00000000c9900000|100%| E|CS|TAMS 0x00000000c9800000, 0x00000000c9800000| Complete 
| 109|0x00000000c9900000, 0x00000000c9a00000, 0x00000000c9a00000|100%| E|CS|TAMS 0x00000000c9900000, 0x00000000c9900000| Complete 
| 110|0x00000000c9a00000, 0x00000000c9b00000, 0x00000000c9b00000|100%| E|CS|TAMS 0x00000000c9a00000, 0x00000000c9a00000| Complete 
| 111|0x00000000c9b00000, 0x00000000c9c00000, 0x00000000c9c00000|100%| E|CS|TAMS 0x00000000c9b00000, 0x00000000c9b00000| Complete 
| 112|0x00000000c9c00000, 0x00000000c9d00000, 0x00000000c9d00000|100%| E|CS|TAMS 0x00000000c9c00000, 0x00000000c9c00000| Complete 
| 113|0x00000000c9d00000, 0x00000000c9e00000, 0x00000000c9e00000|100%| E|CS|TAMS 0x00000000c9d00000, 0x00000000c9d00000| Complete 
| 114|0x00000000c9e00000, 0x00000000c9f00000, 0x00000000c9f00000|100%| E|CS|TAMS 0x00000000c9e00000, 0x00000000c9e00000| Complete 
| 115|0x00000000c9f00000, 0x00000000ca000000, 0x00000000ca000000|100%| E|CS|TAMS 0x00000000c9f00000, 0x00000000c9f00000| Complete 
| 116|0x00000000ca000000, 0x00000000ca100000, 0x00000000ca100000|100%| E|CS|TAMS 0x00000000ca000000, 0x00000000ca000000| Complete 
| 117|0x00000000ca100000, 0x00000000ca200000, 0x00000000ca200000|100%| E|CS|TAMS 0x00000000ca100000, 0x00000000ca100000| Complete 
| 118|0x00000000ca200000, 0x00000000ca300000, 0x00000000ca300000|100%| E|CS|TAMS 0x00000000ca200000, 0x00000000ca200000| Complete 
| 119|0x00000000ca300000, 0x00000000ca400000, 0x00000000ca400000|100%| E|CS|TAMS 0x00000000ca300000, 0x00000000ca300000| Complete 
| 120|0x00000000ca400000, 0x00000000ca500000, 0x00000000ca500000|100%| E|CS|TAMS 0x00000000ca400000, 0x00000000ca400000| Complete 

Card table byte_map: [0x00000203b1cc0000,0x00000203b1eb0000] _byte_map_base: 0x00000203b16aa000

Marking Bits (Prev, Next): (CMBitMap*) 0x00000203b1f298e0, (CMBitMap*) 0x00000203b1f298a0
 Prev Bits: [0x00000203c9840000, 0x00000203ca790000)
 Next Bits: [0x00000203c88f0000, 0x00000203c9840000)

Polling page: 0x00000203afea0000

Metaspace:

Usage:
  Non-class:     53.03 MB used.
      Class:      7.81 MB used.
       Both:     60.84 MB used.

Virtual space:
  Non-class space:       56.00 MB reserved,      53.19 MB ( 95%) committed,  7 nodes.
      Class space:        1.00 GB reserved,       8.00 MB ( <1%) committed,  1 nodes.
             Both:        1.05 GB reserved,      61.19 MB (  6%) committed. 

Chunk freelists:
   Non-Class:  2.81 MB
       Class:  3.90 MB
        Both:  6.72 MB

MaxMetaspaceSize: unlimited
CompressedClassSpaceSize: 1.00 GB
Initial GC threshold: 21.00 MB
Current GC threshold: 98.44 MB
CDS: on
MetaspaceReclaimPolicy: balanced
 - commit_granule_bytes: 65536.
 - commit_granule_words: 8192.
 - virtual_space_node_default_size: 1048576.
 - enlarge_chunks_in_place: 1.
 - new_chunks_are_fully_committed: 0.
 - uncommit_free_chunks: 1.
 - use_allocation_guard: 0.
 - handle_deallocations: 1.


Internal statistics:

num_allocs_failed_limit: 9.
num_arena_births: 522.
num_arena_deaths: 50.
num_vsnodes_births: 8.
num_vsnodes_deaths: 0.
num_space_committed: 979.
num_space_uncommitted: 0.
num_chunks_returned_to_freelist: 66.
num_chunks_taken_from_freelist: 2741.
num_chunk_merges: 15.
num_chunk_splits: 1885.
num_chunks_enlarged: 1466.
num_purges: 2.
num_inconsistent_stats: 0.

CodeHeap 'non-profiled nmethods': size=120064Kb used=4564Kb max_used=4564Kb free=115499Kb
 bounds [0x00000203c11c0000, 0x00000203c1640000, 0x00000203c8700000]
CodeHeap 'profiled nmethods': size=120000Kb used=16785Kb max_used=16785Kb free=103215Kb
 bounds [0x00000203b9c90000, 0x00000203bad00000, 0x00000203c11c0000]
CodeHeap 'non-nmethods': size=5696Kb used=1331Kb max_used=1369Kb free=4364Kb
 bounds [0x00000203b9700000, 0x00000203b9970000, 0x00000203b9c90000]
 total_blobs=8662 nmethods=7998 adapters=577
 compilation: enabled
              stopped_count=0, restarted_count=0
 full_count=0

Compilation events (20 events):
Event: 2144.179 Thread 0x00000203ccabc2c0 nmethod 8827 0x00000203c1630790 code [0x00000203c1630900, 0x00000203c16309d8]
Event: 2144.219 Thread 0x00000203ccabc2c0 8828   !   4       sun.nio.ch.SelectorImpl::processDeregisterQueue (145 bytes)
Event: 2144.236 Thread 0x00000203ccabc2c0 nmethod 8828 0x00000203c1630a90 code [0x00000203c1630c80, 0x00000203c1631420]
Event: 2144.253 Thread 0x00000203ccb22070 8829   !   3       com.mysql.cj.jdbc.StatementImpl::realClose (230 bytes)
Event: 2144.256 Thread 0x00000203ccb22070 nmethod 8829 0x00000203bacf3610 code [0x00000203bacf3960, 0x00000203bacf54a8]
Event: 2144.271 Thread 0x00000203ccabc2c0 8830       4       org.springframework.core.SerializableTypeWrapper$MethodParameterTypeProvider::getType (8 bytes)
Event: 2144.272 Thread 0x00000203ccabc2c0 nmethod 8830 0x00000203c1631990 code [0x00000203c1631b20, 0x00000203c1631be8]
Event: 2144.354 Thread 0x00000203ccabc2c0 8831       4       com.mysql.cj.protocol.a.NativeProtocol::read (55 bytes)
Event: 2144.357 Thread 0x00000203ccabc2c0 nmethod 8831 0x00000203c1631c90 code [0x00000203c1631e40, 0x00000203c1631ff8]
Event: 2144.398 Thread 0x00000203ccb22070 8832       3       com.mysql.cj.protocol.a.result.NativeResultset::initRowsWithMetadata (37 bytes)
Event: 2144.399 Thread 0x00000203ccb22070 nmethod 8832 0x00000203bacf5d90 code [0x00000203bacf5f60, 0x00000203bacf6418]
Event: 2144.402 Thread 0x00000203ccabc2c0 8833       4       org.apache.coyote.http11.Http11InputBuffer::parseRequestLine (1478 bytes)
Event: 2144.491 Thread 0x00000203ccabc2c0 nmethod 8833 0x00000203c1632210 code [0x00000203c1632480, 0x00000203c1633868]
Event: 2144.496 Thread 0x00000203ccabc2c0 8834       4       java.util.TreeMap$PrivateEntryIterator::hasNext (13 bytes)
Event: 2144.496 Thread 0x00000203ccabc2c0 nmethod 8834 0x00000203c1634a10 code [0x00000203c1634b80, 0x00000203c1634c18]
Event: 2144.497 Thread 0x00000203ccb22070 8835       3       org.springframework.orm.jpa.ExtendedEntityManagerCreator$ExtendedEntityManagerInvocationHandler::<init> (46 bytes)
Event: 2144.497 Thread 0x00000203ccb22070 nmethod 8835 0x00000203bacf6610 code [0x00000203bacf67e0, 0x00000203bacf6c58]
Event: 2144.523 Thread 0x00000203ccabc2c0 8836       4       java.util.LinkedHashSet::<init> (10 bytes)
Event: 2144.527 Thread 0x00000203ccabc2c0 nmethod 8836 0x00000203c1634d10 code [0x00000203c1634ea0, 0x00000203c1635058]
Event: 2144.583 Thread 0x00000203ccabc2c0 8837   !   4       org.springframework.http.server.ServletServerHttpRequest::getHeaders (283 bytes)

GC Heap History (20 events):
Event: 10.946 GC heap before
{Heap before GC invocations=12 (full 0):
 garbage-first heap   total 117760K, used 69246K [0x00000000c2c00000, 0x0000000100000000)
  region size 1024K, 57 young (58368K), 1 survivors (1024K)
 Metaspace       used 35646K, committed 35968K, reserved 1081344K
  class space    used 4661K, committed 4864K, reserved 1048576K
}
Event: 10.957 GC heap after
{Heap after GC invocations=13 (full 0):
 garbage-first heap   total 117760K, used 17249K [0x00000000c2c00000, 0x0000000100000000)
  region size 1024K, 4 young (4096K), 4 survivors (4096K)
 Metaspace       used 35646K, committed 35968K, reserved 1081344K
  class space    used 4661K, committed 4864K, reserved 1048576K
}
Event: 13.188 GC heap before
{Heap before GC invocations=14 (full 0):
 garbage-first heap   total 65536K, used 52065K [0x00000000c2c00000, 0x0000000100000000)
  region size 1024K, 38 young (38912K), 4 survivors (4096K)
 Metaspace       used 43497K, committed 43840K, reserved 1089536K
  class space    used 5723K, committed 5888K, reserved 1048576K
}
Event: 13.198 GC heap after
{Heap after GC invocations=15 (full 0):
 garbage-first heap   total 65536K, used 18883K [0x00000000c2c00000, 0x0000000100000000)
  region size 1024K, 2 young (2048K), 2 survivors (2048K)
 Metaspace       used 43497K, committed 43840K, reserved 1089536K
  class space    used 5723K, committed 5888K, reserved 1048576K
}
Event: 13.241 GC heap before
{Heap before GC invocations=15 (full 0):
 garbage-first heap   total 65536K, used 19907K [0x00000000c2c00000, 0x0000000100000000)
  region size 1024K, 3 young (3072K), 2 survivors (2048K)
 Metaspace       used 43748K, committed 44096K, reserved 1089536K
  class space    used 5747K, committed 5952K, reserved 1048576K
}
Event: 13.247 GC heap after
{Heap after GC invocations=16 (full 0):
 garbage-first heap   total 65536K, used 19241K [0x00000000c2c00000, 0x0000000100000000)
  region size 1024K, 1 young (1024K), 1 survivors (1024K)
 Metaspace       used 43748K, committed 44096K, reserved 1089536K
  class space    used 5747K, committed 5952K, reserved 1048576K
}
Event: 15.069 GC heap before
{Heap before GC invocations=16 (full 0):
 garbage-first heap   total 65536K, used 49961K [0x00000000c2c00000, 0x0000000100000000)
  region size 1024K, 31 young (31744K), 1 survivors (1024K)
 Metaspace       used 50539K, committed 50880K, reserved 1097728K
  class space    used 6734K, committed 6912K, reserved 1048576K
}
Event: 15.083 GC heap after
{Heap after GC invocations=17 (full 0):
 garbage-first heap   total 65536K, used 20648K [0x00000000c2c00000, 0x0000000100000000)
  region size 1024K, 2 young (2048K), 2 survivors (2048K)
 Metaspace       used 50539K, committed 50880K, reserved 1097728K
  class space    used 6734K, committed 6912K, reserved 1048576K
}
Event: 16.047 GC heap before
{Heap before GC invocations=17 (full 0):
 garbage-first heap   total 65536K, used 50344K [0x00000000c2c00000, 0x0000000100000000)
  region size 1024K, 31 young (31744K), 2 survivors (2048K)
 Metaspace       used 52807K, committed 53120K, reserved 1097728K
  class space    used 7072K, committed 7232K, reserved 1048576K
}
Event: 16.055 GC heap after
{Heap after GC invocations=18 (full 0):
 garbage-first heap   total 65536K, used 22225K [0x00000000c2c00000, 0x0000000100000000)
  region size 1024K, 4 young (4096K), 4 survivors (4096K)
 Metaspace       used 52807K, committed 53120K, reserved 1097728K
  class space    used 7072K, committed 7232K, reserved 1048576K
}
Event: 65.331 GC heap before
{Heap before GC invocations=18 (full 0):
 garbage-first heap   total 65536K, used 50897K [0x00000000c2c00000, 0x0000000100000000)
  region size 1024K, 32 young (32768K), 4 survivors (4096K)
 Metaspace       used 57123K, committed 57472K, reserved 1105920K
  class space    used 7636K, committed 7808K, reserved 1048576K
}
Event: 65.436 GC heap after
{Heap after GC invocations=19 (full 0):
 garbage-first heap   total 65536K, used 24705K [0x00000000c2c00000, 0x0000000100000000)
  region size 1024K, 4 young (4096K), 4 survivors (4096K)
 Metaspace       used 57123K, committed 57472K, reserved 1105920K
  class space    used 7636K, committed 7808K, reserved 1048576K
}
Event: 1327.823 GC heap before
{Heap before GC invocations=19 (full 0):
 garbage-first heap   total 65536K, used 34945K [0x00000000c2c00000, 0x0000000100000000)
  region size 1024K, 16 young (16384K), 4 survivors (4096K)
 Metaspace       used 59982K, committed 60288K, reserved 1105920K
  class space    used 7969K, committed 8128K, reserved 1048576K
}
Event: 1327.936 GC heap after
{Heap after GC invocations=20 (full 0):
 garbage-first heap   total 65536K, used 25553K [0x00000000c2c00000, 0x0000000100000000)
  region size 1024K, 1 young (1024K), 1 survivors (1024K)
 Metaspace       used 59982K, committed 60288K, reserved 1105920K
  class space    used 7969K, committed 8128K, reserved 1048576K
}
Event: 2129.363 GC heap before
{Heap before GC invocations=21 (full 0):
 garbage-first heap   total 65536K, used 51153K [0x00000000c2c00000, 0x0000000100000000)
  region size 1024K, 27 young (27648K), 1 survivors (1024K)
 Metaspace       used 61072K, committed 61504K, reserved 1105920K
  class space    used 8000K, committed 8192K, reserved 1048576K
}
Event: 2129.572 GC heap after
{Heap after GC invocations=22 (full 0):
 garbage-first heap   total 65536K, used 26108K [0x00000000c2c00000, 0x0000000100000000)
  region size 1024K, 2 young (2048K), 2 survivors (2048K)
 Metaspace       used 61072K, committed 61504K, reserved 1105920K
  class space    used 8000K, committed 8192K, reserved 1048576K
}
Event: 2130.951 GC heap before
{Heap before GC invocations=22 (full 0):
 garbage-first heap   total 65536K, used 27132K [0x00000000c2c00000, 0x0000000100000000)
  region size 1024K, 3 young (3072K), 2 survivors (2048K)
 Metaspace       used 61103K, committed 61504K, reserved 1105920K
  class space    used 8000K, committed 8192K, reserved 1048576K
}
Event: 2131.025 GC heap after
{Heap after GC invocations=23 (full 0):
 garbage-first heap   total 65536K, used 25873K [0x00000000c2c00000, 0x0000000100000000)
  region size 1024K, 1 young (1024K), 1 survivors (1024K)
 Metaspace       used 61103K, committed 61504K, reserved 1105920K
  class space    used 8000K, committed 8192K, reserved 1048576K
}
Event: 2140.075 GC heap before
{Heap before GC invocations=23 (full 0):
 garbage-first heap   total 65536K, used 52497K [0x00000000c2c00000, 0x0000000100000000)
  region size 1024K, 27 young (27648K), 1 survivors (1024K)
 Metaspace       used 62119K, committed 62528K, reserved 1105920K
  class space    used 8001K, committed 8192K, reserved 1048576K
}
Event: 2140.082 GC heap after
{Heap after GC invocations=24 (full 0):
 garbage-first heap   total 123904K, used 25703K [0x00000000c2c00000, 0x0000000100000000)
  region size 1024K, 1 young (1024K), 1 survivors (1024K)
 Metaspace       used 62119K, committed 62528K, reserved 1105920K
  class space    used 8001K, committed 8192K, reserved 1048576K
}

Deoptimization events (20 events):
Event: 2135.397 Thread 0x00000203d0af9bf0 DEOPT PACKING pc=0x00000203ba43ea6a sp=0x000000bab7bfae40
Event: 2135.397 Thread 0x00000203d0af9bf0 DEOPT UNPACKING pc=0x00000203b9752b24 sp=0x000000bab7bfa3d0 mode 0
Event: 2136.667 Thread 0x00000203d0afa0c0 DEOPT PACKING pc=0x00000203ba8b7e6b sp=0x000000bab81fb430
Event: 2136.667 Thread 0x00000203d0afa0c0 DEOPT UNPACKING pc=0x00000203b9752b24 sp=0x000000bab81faad0 mode 0
Event: 2139.012 Thread 0x00000203d0af88b0 Uncommon trap: trap_request=0xffffffbe fr.pc=0x00000203c15e1494 relative=0x00000000000004b4
Event: 2139.012 Thread 0x00000203d0af88b0 Uncommon trap: reason=profile_predicate action=maybe_recompile pc=0x00000203c15e1494 method=org.apache.tomcat.util.buf.AbstractChunk.indexOf(Ljava/lang/String;III)I @ 29 c2
Event: 2139.012 Thread 0x00000203d0af88b0 DEOPT PACKING pc=0x00000203c15e1494 sp=0x000000bab80fe7b0
Event: 2139.013 Thread 0x00000203d0af88b0 DEOPT UNPACKING pc=0x00000203b975239d sp=0x000000bab80fe738 mode 2
Event: 2139.013 Thread 0x00000203d0af88b0 Uncommon trap: trap_request=0xffffffbe fr.pc=0x00000203c15e1494 relative=0x00000000000004b4
Event: 2139.013 Thread 0x00000203d0af88b0 Uncommon trap: reason=profile_predicate action=maybe_recompile pc=0x00000203c15e1494 method=org.apache.tomcat.util.buf.AbstractChunk.indexOf(Ljava/lang/String;III)I @ 29 c2
Event: 2139.013 Thread 0x00000203d0af88b0 DEOPT PACKING pc=0x00000203c15e1494 sp=0x000000bab80fe7b0
Event: 2139.013 Thread 0x00000203d0af88b0 DEOPT UNPACKING pc=0x00000203b975239d sp=0x000000bab80fe738 mode 2
Event: 2139.024 Thread 0x00000203d0afa0c0 Uncommon trap: trap_request=0xffffffbe fr.pc=0x00000203c15e1494 relative=0x00000000000004b4
Event: 2139.024 Thread 0x00000203d0afa0c0 Uncommon trap: reason=profile_predicate action=maybe_recompile pc=0x00000203c15e1494 method=org.apache.tomcat.util.buf.AbstractChunk.indexOf(Ljava/lang/String;III)I @ 29 c2
Event: 2139.024 Thread 0x00000203d0afa0c0 DEOPT PACKING pc=0x00000203c15e1494 sp=0x000000bab81fe820
Event: 2139.024 Thread 0x00000203d0afa0c0 DEOPT UNPACKING pc=0x00000203b975239d sp=0x000000bab81fe7a8 mode 2
Event: 2139.024 Thread 0x00000203d0afa0c0 Uncommon trap: trap_request=0xffffffbe fr.pc=0x00000203c15e1494 relative=0x00000000000004b4
Event: 2139.024 Thread 0x00000203d0afa0c0 Uncommon trap: reason=profile_predicate action=maybe_recompile pc=0x00000203c15e1494 method=org.apache.tomcat.util.buf.AbstractChunk.indexOf(Ljava/lang/String;III)I @ 29 c2
Event: 2139.024 Thread 0x00000203d0afa0c0 DEOPT PACKING pc=0x00000203c15e1494 sp=0x000000bab81fe820
Event: 2139.024 Thread 0x00000203d0afa0c0 DEOPT UNPACKING pc=0x00000203b975239d sp=0x000000bab81fe7a8 mode 2

Classes unloaded (20 events):
Event: 1328.064 Thread 0x00000203cca96100 Unloading class 0x0000000800e18400 'jdk/internal/reflect/GeneratedConstructorAccessor9'
Event: 1328.065 Thread 0x00000203cca96100 Unloading class 0x0000000800e0c800 'jdk/internal/reflect/GeneratedConstructorAccessor8'
Event: 1328.066 Thread 0x00000203cca96100 Unloading class 0x0000000800e0c400 'jdk/internal/reflect/GeneratedConstructorAccessor7'
Event: 1328.067 Thread 0x00000203cca96100 Unloading class 0x0000000800e0c000 'jdk/internal/reflect/GeneratedConstructorAccessor6'
Event: 1328.067 Thread 0x00000203cca96100 Unloading class 0x0000000800e00800 'jdk/internal/reflect/GeneratedConstructorAccessor5'
Event: 1328.067 Thread 0x00000203cca96100 Unloading class 0x0000000800db0800 'java/lang/invoke/LambdaForm$DMH+0x0000000800db0800'
Event: 1328.068 Thread 0x00000203cca96100 Unloading class 0x0000000800d18800 'java/lang/invoke/LambdaForm$MH+0x0000000800d18800'
Event: 1328.068 Thread 0x00000203cca96100 Unloading class 0x0000000800d18400 'java/lang/invoke/LambdaForm$MH+0x0000000800d18400'
Event: 1328.068 Thread 0x00000203cca96100 Unloading class 0x0000000800d18000 'java/lang/invoke/LambdaForm$MH+0x0000000800d18000'
Event: 1328.068 Thread 0x00000203cca96100 Unloading class 0x0000000800d15c00 'java/lang/invoke/LambdaForm$MH+0x0000000800d15c00'
Event: 1328.068 Thread 0x00000203cca96100 Unloading class 0x0000000800d15400 'java/lang/invoke/LambdaForm$MH+0x0000000800d15400'
Event: 1328.068 Thread 0x00000203cca96100 Unloading class 0x0000000800d15000 'java/lang/invoke/LambdaForm$MH+0x0000000800d15000'
Event: 1328.068 Thread 0x00000203cca96100 Unloading class 0x0000000800d14c00 'java/lang/invoke/LambdaForm$MH+0x0000000800d14c00'
Event: 1328.068 Thread 0x00000203cca96100 Unloading class 0x0000000800d14800 'java/lang/invoke/LambdaForm$MH+0x0000000800d14800'
Event: 1328.069 Thread 0x00000203cca96100 Unloading class 0x0000000800ccb000 'java/lang/invoke/LambdaForm$MH+0x0000000800ccb000'
Event: 1328.069 Thread 0x00000203cca96100 Unloading class 0x0000000800cca800 'java/lang/invoke/LambdaForm$MH+0x0000000800cca800'
Event: 1328.069 Thread 0x00000203cca96100 Unloading class 0x0000000800cca400 'java/lang/invoke/LambdaForm$MH+0x0000000800cca400'
Event: 1328.069 Thread 0x00000203cca96100 Unloading class 0x0000000800cca000 'java/lang/invoke/LambdaForm$MH+0x0000000800cca000'
Event: 1328.069 Thread 0x00000203cca96100 Unloading class 0x0000000800cc9800 'java/lang/invoke/LambdaForm$MH+0x0000000800cc9800'
Event: 1328.069 Thread 0x00000203cca96100 Unloading class 0x0000000800cc9000 'java/lang/invoke/LambdaForm$MH+0x0000000800cc9000'

Classes redefined (0 events):
No events

Internal exceptions (20 events):
Event: 16.105 Thread 0x00000203b1efb710 Exception <a 'java/lang/ClassNotFoundException'{0x00000000c9eb22b8}: org/springframework/beans/factory/AwareCustomizer> (0x00000000c9eb22b8) 
thrown [t:\workspace\open\src\hotspot\share\classfile\systemDictionary.cpp, line 256]
Event: 16.106 Thread 0x00000203b1efb710 Exception <a 'java/lang/ClassNotFoundException'{0x00000000c9eb63e0}: org/springframework/context/ApplicationContextAwareCustomizer> (0x00000000c9eb63e0) 
thrown [t:\workspace\open\src\hotspot\share\classfile\systemDictionary.cpp, line 256]
Event: 16.106 Thread 0x00000203b1efb710 Exception <a 'java/lang/ClassNotFoundException'{0x00000000c9ebbc18}: org/springframework/beans/factory/AwareCustomizer> (0x00000000c9ebbc18) 
thrown [t:\workspace\open\src\hotspot\share\classfile\systemDictionary.cpp, line 256]
Event: 16.107 Thread 0x00000203b1efb710 Exception <a 'java/lang/ClassNotFoundException'{0x00000000c9ebfd18}: org/springframework/web/context/ServletContextAwareCustomizer> (0x00000000c9ebfd18) 
thrown [t:\workspace\open\src\hotspot\share\classfile\systemDictionary.cpp, line 256]
Event: 16.107 Thread 0x00000203b1efb710 Exception <a 'java/lang/ClassNotFoundException'{0x00000000c9ec4e98}: org/springframework/beans/factory/AwareCustomizer> (0x00000000c9ec4e98) 
thrown [t:\workspace\open\src\hotspot\share\classfile\systemDictionary.cpp, line 256]
Event: 16.393 Thread 0x00000203b1efb710 Exception <a 'java/lang/NoSuchMethodError'{0x00000000c6455df0}: 'void java.lang.invoke.DirectMethodHandle$Holder.invokeVirtual(java.lang.Object, java.lang.Object, int)'> (0x00000000c6455df0) 
thrown [t:\workspace\open\src\hotspot\share\interpreter\linkResolver.cpp, line 766]
Event: 16.396 Thread 0x00000203b1efb710 Exception <a 'java/lang/NoSuchMethodError'{0x00000000c6470998}: 'void java.lang.invoke.DirectMethodHandle$Holder.invokeVirtual(java.lang.Object, java.lang.Object, long)'> (0x00000000c6470998) 
thrown [t:\workspace\open\src\hotspot\share\interpreter\linkResolver.cpp, line 766]
Event: 16.827 Thread 0x00000203b1efb710 Exception <a 'java/lang/IncompatibleClassChangeError'{0x00000000c5e73b68}: Found class java.lang.Object, but interface was expected> (0x00000000c5e73b68) 
thrown [t:\workspace\open\src\hotspot\share\interpreter\linkResolver.cpp, line 833]
Event: 17.146 Thread 0x00000203b1efb710 Implicit null exception at 0x00000203c12c75da to 0x00000203c12c7810
Event: 17.263 Thread 0x00000203b1efb710 Exception <a 'java/lang/NoSuchMethodError'{0x00000000c5849bd0}: 'java.lang.Object java.lang.invoke.DirectMethodHandle$Holder.invokeSpecial(java.lang.Object, java.lang.Object, int, java.lang.Object, int, java.lang.Object)'> (0x00000000c5849bd0) 
thrown [t:\workspace\open\src\hotspot\share\interpreter\linkResolver.cpp, line 766]
Event: 17.265 Thread 0x00000203b1efb710 Exception <a 'java/lang/NoSuchMethodError'{0x00000000c58519d0}: 'java.lang.Object java.lang.invoke.DirectMethodHandle$Holder.newInvokeSpecial(java.lang.Object, java.lang.Object, int, java.lang.Object, int)'> (0x00000000c58519d0) 
thrown [t:\workspace\open\src\hotspot\share\interpreter\linkResolver.cpp, line 766]
Event: 17.265 Thread 0x00000203b1efb710 Exception <a 'java/lang/NoSuchMethodError'{0x00000000c5855ad0}: 'java.lang.Object java.lang.invoke.DirectMethodHandle$Holder.invokeSpecial(java.lang.Object, java.lang.Object, java.lang.Object, int, java.lang.Object, int)'> (0x00000000c5855ad0) 
thrown [t:\workspace\open\src\hotspot\share\interpreter\linkResolver.cpp, line 766]
Event: 17.267 Thread 0x00000203b1efb710 Exception <a 'java/lang/NoSuchMethodError'{0x00000000c585fda8}: 'void java.lang.invoke.DirectMethodHandle$Holder.invokeVirtual(java.lang.Object, java.lang.Object)'> (0x00000000c585fda8) 
thrown [t:\workspace\open\src\hotspot\share\interpreter\linkResolver.cpp, line 766]
Event: 95.315 Thread 0x00000203d0af83e0 Exception <a 'java/lang/NoSuchMethodError'{0x00000000c680c888}: 'java.lang.Object java.lang.invoke.DirectMethodHandle$Holder.invokeInterface(java.lang.Object, java.lang.Object, java.lang.Object, java.lang.Object)'> (0x00000000c680c888) 
thrown [t:\workspace\open\src\hotspot\share\interpreter\linkResolver.cpp, line 766]
Event: 95.661 Thread 0x00000203d0af83e0 Exception <a 'java/lang/NoSuchMethodError'{0x00000000c67144c8}: 'java.lang.Object java.lang.invoke.DirectMethodHandle$Holder.invokeStaticInit(java.lang.Object, java.lang.Object, java.lang.Object, java.lang.Object, java.lang.Object, java.lang.Object)'> (0x00000000c67144c8) 
thrown [t:\workspace\open\src\hotspot\share\interpreter\linkResolver.cpp, line 766]
Event: 1328.525 Thread 0x00000203d0af7a40 Implicit null exception at 0x00000203c14029aa to 0x00000203c1409378
Event: 1328.551 Thread 0x00000203d0af7a40 Implicit null exception at 0x00000203c1321db6 to 0x00000203c1322704
Event: 1328.554 Thread 0x00000203d0af7a40 Implicit null exception at 0x00000203c12f6230 to 0x00000203c12f690c
Event: 1328.598 Thread 0x00000203d0af7f10 Implicit null exception at 0x00000203c13561f9 to 0x00000203c1356eb8
Event: 1786.500 Thread 0x00000203d2c2b7f0 Exception <a 'java/net/SocketException'{0x00000000c65a12a0}: Connection reset by peer: shutdown> (0x00000000c65a12a0) 
thrown [t:\workspace\open\src\hotspot\share\prims\jni.cpp, line 535]

VM Operations (20 events):
Event: 2134.274 Executing VM operation: HandshakeAllThreads
Event: 2134.275 Executing VM operation: HandshakeAllThreads done
Event: 2135.061 Executing VM operation: ICBufferFull
Event: 2135.061 Executing VM operation: ICBufferFull done
Event: 2135.767 Executing VM operation: ICBufferFull
Event: 2135.767 Executing VM operation: ICBufferFull done
Event: 2136.517 Executing VM operation: ICBufferFull
Event: 2136.517 Executing VM operation: ICBufferFull done
Event: 2137.286 Executing VM operation: ICBufferFull
Event: 2137.286 Executing VM operation: ICBufferFull done
Event: 2139.280 Executing VM operation: Cleanup
Event: 2139.284 Executing VM operation: Cleanup done
Event: 2140.074 Executing VM operation: G1CollectForAllocation
Event: 2140.082 Executing VM operation: G1CollectForAllocation done
Event: 2141.083 Executing VM operation: Cleanup
Event: 2141.083 Executing VM operation: Cleanup done
Event: 2142.088 Executing VM operation: Cleanup
Event: 2142.088 Executing VM operation: Cleanup done
Event: 2144.095 Executing VM operation: Cleanup
Event: 2144.098 Executing VM operation: Cleanup done

Events (20 events):
Event: 668.010 loading class java/io/FileOutputStream$1 done
Event: 1776.165 Thread 0x00000203d2c2b7f0 Thread added: 0x00000203d2c2b7f0
Event: 1776.168 Thread 0x00000203d2c2a980 Thread added: 0x00000203d2c2a980
Event: 1776.214 loading class sun/security/ssl/Alert
Event: 1776.391 loading class sun/security/ssl/Alert done
Event: 1776.439 loading class sun/security/ssl/Alert$AlertConsumer
Event: 1776.490 loading class sun/security/ssl/Alert$AlertConsumer done
Event: 1776.490 loading class sun/security/ssl/Alert$Level
Event: 1776.498 loading class sun/security/ssl/Alert$Level done
Event: 1776.501 loading class javax/crypto/ShortBufferException
Event: 1776.504 loading class javax/crypto/ShortBufferException done
Event: 1803.658 Thread 0x00000203d2c2b7f0 Thread exited: 0x00000203d2c2b7f0
Event: 1803.715 Thread 0x00000203d2c2a980 Thread exited: 0x00000203d2c2a980
Event: 2126.778 loading class java/util/concurrent/ConcurrentLinkedQueue$Itr
Event: 2126.812 loading class java/util/concurrent/ConcurrentLinkedQueue$Itr done
Event: 2134.299 Thread 0x00000203ccb32bb0 flushing nmethod 0x00000203c1239890
Event: 2134.303 Thread 0x00000203ccb32bb0 flushing nmethod 0x00000203c125c690
Event: 2134.478 Thread 0x00000203ccb32bb0 flushing nmethod 0x00000203ba0e8410
Event: 2134.481 Thread 0x00000203ccb32bb0 flushing nmethod 0x00000203ba144d10
Event: 2134.488 Thread 0x00000203ccb32bb0 flushing nmethod 0x00000203ba1ec290


Dynamic libraries:
0x00007ff67e820000 - 0x00007ff67e830000 	C:\Program Files\Java\jdk-17.0.1\bin\java.exe
0x00007ffcba310000 - 0x00007ffcba505000 	C:\windows\SYSTEM32\ntdll.dll
0x00007ffcb98e0000 - 0x00007ffcb999e000 	C:\windows\System32\KERNEL32.DLL
0x00007ffcb7b50000 - 0x00007ffcb7e18000 	C:\windows\System32\KERNELBASE.dll
0x00007ffcb8050000 - 0x00007ffcb8150000 	C:\windows\System32\ucrtbase.dll
0x00007ffc9d000000 - 0x00007ffc9d01a000 	C:\Program Files\Java\jdk-17.0.1\bin\VCRUNTIME140.dll
0x00007ffcafe10000 - 0x00007ffcafe28000 	C:\Program Files\Java\jdk-17.0.1\bin\jli.dll
0x00007ffcb8f10000 - 0x00007ffcb8fbe000 	C:\windows\System32\ADVAPI32.dll
0x00007ffcb8590000 - 0x00007ffcb862e000 	C:\windows\System32\msvcrt.dll
0x00007ffcb95e0000 - 0x00007ffcb967c000 	C:\windows\System32\sechost.dll
0x00007ffcb9fb0000 - 0x00007ffcba0d5000 	C:\windows\System32\RPCRT4.dll
0x00007ffcb96c0000 - 0x00007ffcb9860000 	C:\windows\System32\USER32.dll
0x00007ffcb7e20000 - 0x00007ffcb7e42000 	C:\windows\System32\win32u.dll
0x00007ffcb9680000 - 0x00007ffcb96ab000 	C:\windows\System32\GDI32.dll
0x00007ffcb7f40000 - 0x00007ffcb804d000 	C:\windows\System32\gdi32full.dll
0x00007ffcb7a20000 - 0x00007ffcb7abd000 	C:\windows\System32\msvcp_win.dll
0x00007ffca1280000 - 0x00007ffca151a000 	C:\windows\WinSxS\amd64_microsoft.windows.common-controls_6595b64144ccf1df_6.0.19041.1110_none_60b5254171f9507e\COMCTL32.dll
0x00007ffca85a0000 - 0x00007ffca85aa000 	C:\windows\SYSTEM32\VERSION.dll
0x00007ffcb95b0000 - 0x00007ffcb95e0000 	C:\windows\System32\IMM32.DLL
0x00007ffcb2770000 - 0x00007ffcb277c000 	C:\Program Files\Java\jdk-17.0.1\bin\vcruntime140_1.dll
0x00007ffc9cf70000 - 0x00007ffc9cffd000 	C:\Program Files\Java\jdk-17.0.1\bin\msvcp140.dll
0x00007ffc7d2f0000 - 0x00007ffc7deae000 	C:\Program Files\Java\jdk-17.0.1\bin\server\jvm.dll
0x00007ffcb98d0000 - 0x00007ffcb98d8000 	C:\windows\System32\PSAPI.DLL
0x00007ffcb02f0000 - 0x00007ffcb02f9000 	C:\windows\SYSTEM32\WSOCK32.dll
0x00007ffcba260000 - 0x00007ffcba2cb000 	C:\windows\System32\WS2_32.dll
0x00007ffc900e0000 - 0x00007ffc90107000 	C:\windows\SYSTEM32\WINMM.dll
0x00007ffcb62f0000 - 0x00007ffcb6302000 	C:\windows\SYSTEM32\kernel.appcore.dll
0x00007ffcb2740000 - 0x00007ffcb274a000 	C:\Program Files\Java\jdk-17.0.1\bin\jimage.dll
0x00007ffcb5fc0000 - 0x00007ffcb61a4000 	C:\windows\SYSTEM32\DBGHELP.DLL
0x00007ffc9f580000 - 0x00007ffc9f5ac000 	C:\windows\SYSTEM32\dbgcore.DLL
0x00007ffcb7ac0000 - 0x00007ffcb7b42000 	C:\windows\System32\bcryptPrimitives.dll
0x00007ffc9cf40000 - 0x00007ffc9cf65000 	C:\Program Files\Java\jdk-17.0.1\bin\java.dll
0x00007ffc9ccf0000 - 0x00007ffc9cdc6000 	C:\Program Files\Java\jdk-17.0.1\bin\svml.dll
0x00007ffcb87c0000 - 0x00007ffcb8f04000 	C:\windows\System32\SHELL32.dll
0x00007ffcb5750000 - 0x00007ffcb5ee4000 	C:\windows\SYSTEM32\windows.storage.dll
0x00007ffcb8fc0000 - 0x00007ffcb9315000 	C:\windows\System32\combase.dll
0x00007ffcb73a0000 - 0x00007ffcb73ce000 	C:\windows\SYSTEM32\Wldp.dll
0x00007ffcba1b0000 - 0x00007ffcba25d000 	C:\windows\System32\SHCORE.dll
0x00007ffcb8360000 - 0x00007ffcb83b5000 	C:\windows\System32\shlwapi.dll
0x00007ffcb7960000 - 0x00007ffcb797f000 	C:\windows\SYSTEM32\profapi.dll
0x00007ffc9cee0000 - 0x00007ffc9cef9000 	C:\Program Files\Java\jdk-17.0.1\bin\net.dll
0x00007ffca8400000 - 0x00007ffca850c000 	C:\windows\SYSTEM32\WINHTTP.dll
0x00007ffcb7100000 - 0x00007ffcb716a000 	C:\windows\system32\mswsock.dll
0x00007ffc9cec0000 - 0x00007ffc9ced5000 	C:\Program Files\Java\jdk-17.0.1\bin\nio.dll
0x00007ffc9cea0000 - 0x00007ffc9ceb8000 	C:\Program Files\Java\jdk-17.0.1\bin\zip.dll
0x00007ffcb26e0000 - 0x00007ffcb26f0000 	C:\Program Files\Java\jdk-17.0.1\bin\verify.dll
0x00007ffcb2630000 - 0x00007ffcb2639000 	C:\Program Files\Java\jdk-17.0.1\bin\management.dll
0x00007ffcafe00000 - 0x00007ffcafe0b000 	C:\Program Files\Java\jdk-17.0.1\bin\management_ext.dll
0x00007ffc8cc40000 - 0x00007ffc8cc57000 	C:\windows\system32\napinsp.dll
0x00007ffc8cc20000 - 0x00007ffc8cc3b000 	C:\windows\system32\pnrpnsp.dll
0x00007ffcb1690000 - 0x00007ffcb16a5000 	C:\windows\system32\wshbth.dll
0x00007ffcb25a0000 - 0x00007ffcb25bd000 	C:\windows\system32\NLAapi.dll
0x00007ffcb6df0000 - 0x00007ffcb6e2b000 	C:\windows\SYSTEM32\IPHLPAPI.DLL
0x00007ffcb6e30000 - 0x00007ffcb6efb000 	C:\windows\SYSTEM32\DNSAPI.dll
0x00007ffcb98c0000 - 0x00007ffcb98c8000 	C:\windows\System32\NSI.dll
0x00007ffc8cc00000 - 0x00007ffc8cc12000 	C:\windows\System32\winrnr.dll
0x00007ffc9f1b0000 - 0x00007ffc9f1ba000 	C:\Windows\System32\rasadhlp.dll
0x00007ffc9eae0000 - 0x00007ffc9eb5f000 	C:\windows\System32\fwpuclnt.dll
0x00007ffcb7e50000 - 0x00007ffcb7e77000 	C:\windows\System32\bcrypt.dll
0x00007ffcb7300000 - 0x00007ffcb7318000 	C:\windows\SYSTEM32\CRYPTSP.dll
0x00007ffcb6a80000 - 0x00007ffcb6ab4000 	C:\windows\system32\rsaenh.dll
0x00007ffcb7920000 - 0x00007ffcb794e000 	C:\windows\SYSTEM32\USERENV.dll
0x00007ffcb72f0000 - 0x00007ffcb72fc000 	C:\windows\SYSTEM32\CRYPTBASE.dll
0x00007ffca6e60000 - 0x00007ffca6e77000 	C:\windows\SYSTEM32\dhcpcsvc6.DLL
0x00007ffca7010000 - 0x00007ffca702d000 	C:\windows\SYSTEM32\dhcpcsvc.DLL
0x00007ffca1130000 - 0x00007ffca113e000 	C:\Program Files\Java\jdk-17.0.1\bin\sunmscapi.dll
0x00007ffcb8200000 - 0x00007ffcb8356000 	C:\windows\System32\CRYPT32.dll
0x00007ffcb7470000 - 0x00007ffcb7497000 	C:\windows\SYSTEM32\ncrypt.dll
0x00007ffcb73d0000 - 0x00007ffcb740b000 	C:\windows\SYSTEM32\NTASN1.dll
0x00007ffc85500000 - 0x00007ffc85507000 	C:\windows\system32\wshunix.dll

dbghelp: loaded successfully - version: 4.0.5 - missing functions: none
symbol engine: initialized successfully - sym options: 0x614 - pdb path: .;C:\Program Files\Java\jdk-17.0.1\bin;C:\windows\SYSTEM32;C:\windows\WinSxS\amd64_microsoft.windows.common-controls_6595b64144ccf1df_6.0.19041.1110_none_60b5254171f9507e;C:\Program Files\Java\jdk-17.0.1\bin\server

VM Arguments:
jvm_args: -Dfile.encoding=windows-1252 -Duser.country=US -Duser.language=en -Duser.variant 
java_command: com.careerdevs.sushicafe.SushicafeApplication
java_class_path (initial): C:\Users\sophi\IdeaProjects\sushicafe\build\classes\java\main;C:\Users\sophi\IdeaProjects\sushicafe\build\resources\main;C:\Users\sophi\.gradle\caches\modules-2\files-2.1\org.springframework.boot\spring-boot-starter-data-jpa\2.7.1\39e98264c195a06c8c29a63c24b6ce295ca10795\spring-boot-starter-data-jpa-2.7.1.jar;C:\Users\sophi\.gradle\caches\modules-2\files-2.1\org.springframework.boot\spring-boot-starter-web\2.7.1\29f47f503f9955b1a9746870aeaebdba448416d\spring-boot-starter-web-2.7.1.jar;C:\Users\sophi\.gradle\caches\modules-2\files-2.1\mysql\mysql-connector-java\8.0.29\16bfffda393ac4fe56f0985f1f035b37d3fc48f\mysql-connector-java-8.0.29.jar;C:\Users\sophi\.gradle\caches\modules-2\files-2.1\org.springframework.boot\spring-boot-starter-aop\2.7.1\e7c78497e3528ae3037c723259b4b0944994f03\spring-boot-starter-aop-2.7.1.jar;C:\Users\sophi\.gradle\caches\modules-2\files-2.1\org.springframework.boot\spring-boot-starter-jdbc\2.7.1\bba8a72a8042cec0b7961f11b0b3332724f5845e\spring-boot-starter-jdbc-2.7.1.jar;C:\Users\sophi\.gradle\caches\modules-2\files-2.1\jakarta.transaction\jakarta.transaction-api\1.3.3\c4179d48720a1e87202115fbed6089bdc4195405\jakarta.transaction-api-1.3.3.jar;C:\Users\sophi\.gradle\caches\modules-2\files-2.1\jakarta.persistence\jakarta.persistence-api\2.2.3\8f6ea5daedc614f07a3654a455660145286f024e\jakarta.persistence-api-2.2.3.jar;C:\Users\sophi\.gradle\caches\modules-2\files-2.1\org.hibernate\hibernate-core\5.6.9.Final\8ec2c7b13de2fbcb19feddfb3a30932bb6a8228a\hibernate-core-5.6.9.Final.jar;C:\Users\sophi\.gradle\caches\modules-2\files-2.1\org.springframework.data\spring-data-jpa\2.7.1\9cbefcab47d47a64afeca24b5fbe7328dd08ef9b\spring-data-jpa-2.7.1.jar;C:\Users\sophi\.gradle\caches\modules-2\files-2.1\org.springframework\spring-aspects\5.3.21\9e8271b86c5be0388c2c34f2c5c3d070af06cd2\spring-aspects-5.3.21.jar;C:\Users\sophi\.gradle\caches\modules-2\files-2.1\org.springframework.boot\spring-boot-starter-json\2.7.1\711889df8474d7f0271b1e2
Launcher Type: SUN_STANDARD

[Global flags]
     intx CICompilerCount                          = 2                                         {product} {ergonomic}
     uint ConcGCThreads                            = 1                                         {product} {ergonomic}
     uint G1ConcRefinementThreads                  = 2                                         {product} {ergonomic}
   size_t G1HeapRegionSize                         = 1048576                                   {product} {ergonomic}
    uintx GCDrainStackTargetSize                   = 64                                        {product} {ergonomic}
   size_t InitialHeapSize                          = 65011712                                  {product} {ergonomic}
   size_t MarkStackSize                            = 4194304                                   {product} {ergonomic}
   size_t MaxHeapSize                              = 1027604480                                {product} {ergonomic}
   size_t MaxNewSize                               = 616562688                                 {product} {ergonomic}
   size_t MinHeapDeltaBytes                        = 1048576                                   {product} {ergonomic}
   size_t MinHeapSize                              = 8388608                                   {product} {ergonomic}
    uintx NonNMethodCodeHeapSize                   = 5826188                                {pd product} {ergonomic}
    uintx NonProfiledCodeHeapSize                  = 122916026                              {pd product} {ergonomic}
    uintx ProfiledCodeHeapSize                     = 122916026                              {pd product} {ergonomic}
    uintx ReservedCodeCacheSize                    = 251658240                              {pd product} {ergonomic}
     bool SegmentedCodeCache                       = true                                      {product} {ergonomic}
   size_t SoftMaxHeapSize                          = 1027604480                             {manageable} {ergonomic}
     bool UseCompressedClassPointers               = true                           {product lp64_product} {ergonomic}
     bool UseCompressedOops                        = true                           {product lp64_product} {ergonomic}
     bool UseG1GC                                  = true                                      {product} {ergonomic}
     bool UseLargePagesIndividualAllocation        = false                                  {pd product} {ergonomic}

Logging:
Log output configuration:
 #0: stdout all=warning uptime,level,tags
 #1: stderr all=off uptime,level,tags

Environment Variables:
PATH=C:\Program Files\Common Files\Oracle\Java\javapath;C:\windows\system32;C:\windows;C:\windows\System32\Wbem;C:\windows\System32\WindowsPowerShell\v1.0\;C:\windows\System32\OpenSSH\;C:\Program Files\nodejs\;C:\Program Files\Git\cmd;C:\Users\sophi\AppData\Local\Programs\Python\Python310\Scripts\;C:\Users\sophi\AppData\Local\Programs\Python\Python310\;C:\Program Files\MySQL\MySQL Shell 8.0\bin\;C:\Users\sophi\AppData\Local\Microsoft\WindowsApps;C:\Users\sophi\AppData\Local\Programs\Microsoft VS Code\bin;C:\Users\sophi\AppData\Roaming\npm;C:\Program Files\JetBrains\IntelliJ IDEA Community Edition 2021.3\bin;;C:\Program Files\MySQL\MySQL Server 8.0\bin;
USERNAME=sophi
OS=Windows_NT
PROCESSOR_IDENTIFIER=Intel64 Family 6 Model 122 Stepping 8, GenuineIntel



---------------  S Y S T E M  ---------------

OS:
 Windows 10 , 64 bit Build 19041 (10.0.19041.1503)
OS uptime: 0 days 15:16 hours

CPU: total 2 (initial active 2) (2 cores per cpu, 1 threads per core) family 6 model 122 stepping 8 microcode 0x1c, cx8, cmov, fxsr, mmx, 3dnowpref, sse, sse2, sse3, ssse3, sse4.1, sse4.2, popcnt, tsc, tscinvbit, aes, erms, clmul, sha, clflush, clflushopt

Memory: 4k page, system-wide physical 3912M (427M free)
TotalPageFile size 11266M (AvailPageFile size 0M)
current process WorkingSet (physical memory assigned to process): 162M, peak: 218M
current process commit charge ("private bytes"): 312M, peak: 315M

vm_info: Java HotSpot(TM) 64-Bit Server VM (17.0.1+12-LTS-39) for windows-amd64 JRE (17.0.1+12-LTS-39), built on Sep 27 2021 18:41:35 by "mach5one" with MS VC++ 16.8 (VS2019)

END.
